<?xml version="1.0" encoding="UTF-8"?>
<!-- Generated by org.testng.reporters.JUnitReportReporter -->
<testsuite skipped="0" hostname="Laptop-BHDR" name="Demo.TestNGDependenciesDemo" tests="3" failures="0" timestamp="2020-04-22T07:54:32 MESZ" time="0.004" errors="0">
  <testcase name="test1" time="0.001" classname="Demo.TestNGDependenciesDemo"/>
  <system-out/>
  <testcase name="test3" time="0.002" classname="Demo.TestNGDependenciesDemo"/>
  <system-out/>
  <testcase name="test2" time="0.001" classname="Demo.TestNGDependenciesDemo"/>
  <system-out/>
</testsuite> <!-- Demo.TestNGDependenciesDemo -->
