<?xml version="1.0" encoding="UTF-8"?>
<!-- Generated by org.testng.reporters.JUnitReportReporter -->
<testsuite skipped="0" hostname="Laptop-BHDR" name="Utils.ExcelDataProvider" tests="4" failures="0" timestamp="2020-05-22T11:50:15 MESZ" time="14.393" errors="0">
  <testcase name="test1" time="2.868" classname="Utils.ExcelDataProvider"/>
  <system-out/>
  <testcase name="test1" time="2.880" classname="Utils.ExcelDataProvider"/>
  <system-out/>
  <testcase name="test1" time="4.472" classname="Utils.ExcelDataProvider"/>
  <system-out/>
  <testcase name="test1" time="4.173" classname="Utils.ExcelDataProvider"/>
  <system-out/>
</testsuite> <!-- Utils.ExcelDataProvider -->
