<?xml version="1.0" encoding="UTF-8"?>
<!-- Generated by org.testng.reporters.JUnitReportReporter -->
<testsuite skipped="0" hostname="Laptop-BHDR" name="test.GoogleSearch_TestNG2" tests="1" failures="0" timestamp="2020-04-13T16:19:47 MESZ" time="3.029" errors="0">
  <testcase name="googleSearch3" time="3.029" classname="test.GoogleSearch_TestNG2"/>
  <system-out/>
</testsuite> <!-- test.GoogleSearch_TestNG2 -->
