<?xml version="1.0" encoding="UTF-8"?>
<!-- Generated by org.testng.reporters.JUnitReportReporter -->
<testsuite skipped="0" hostname="Laptop-BHDR" name="Demo.TestNGParametersDemo" tests="1" failures="0" timestamp="2020-04-21T18:54:28 MESZ" time="0.009" errors="0">
  <testcase name="test1" time="0.009" classname="Demo.TestNGParametersDemo"/>
  <system-out/>
</testsuite> <!-- Demo.TestNGParametersDemo -->
