<?xml version="1.0" encoding="UTF-8"?>
<!-- Generated by org.testng.reporters.JUnitReportReporter -->
<testsuite skipped="0" hostname="Laptop-BHDR" name="test.GoogleSearch_TestNG" tests="1" failures="0" timestamp="2020-04-15T13:29:57 MESZ" time="3.015" errors="0">
  <testcase name="googleSearch" time="3.015" classname="test.GoogleSearch_TestNG"/>
  <system-out/>
</testsuite> <!-- test.GoogleSearch_TestNG -->
