<?xml version="1.0" encoding="UTF-8"?>
<!-- Generated by org.testng.reporters.JUnitReportReporter -->
<testsuite skipped="0" hostname="Laptop-BHDR" name="Demo.TestNGGroupDemo" tests="6" failures="0" timestamp="2020-05-14T08:58:49 MESZ" time="0.009" errors="0">
  <testcase name="test6" time="0.000" classname="Demo.TestNGGroupDemo"/>
  <system-out/>
  <testcase name="test5" time="0.001" classname="Demo.TestNGGroupDemo"/>
  <system-out/>
  <testcase name="test1" time="0.007" classname="Demo.TestNGGroupDemo"/>
  <system-out/>
  <testcase name="test3" time="0.000" classname="Demo.TestNGGroupDemo"/>
  <system-out/>
  <testcase name="test2" time="0.001" classname="Demo.TestNGGroupDemo"/>
  <system-out/>
  <testcase name="test4" time="0.000" classname="Demo.TestNGGroupDemo"/>
  <system-out/>
</testsuite> <!-- Demo.TestNGGroupDemo -->
