<?xml version="1.0" encoding="UTF-8"?>
<!-- Generated by org.testng.reporters.JUnitReportReporter -->
<testsuite skipped="0" hostname="Laptop-BHDR" name="Demo.TestNGMultipleBrowserDemo" tests="2" failures="0" timestamp="2020-04-22T08:32:22 MESZ" time="14.169" errors="0">
  <testcase name="test" time="6.602" classname="Demo.TestNGMultipleBrowserDemo"/>
  <system-out/>
  <testcase name="test" time="7.567" classname="Demo.TestNGMultipleBrowserDemo"/>
  <system-out/>
</testsuite> <!-- Demo.TestNGMultipleBrowserDemo -->
