<?xml version="1.0" encoding="UTF-8"?>
<!-- Generated by org.testng.reporters.JUnitReportReporter -->
<testsuite skipped="0" hostname="Laptop-BHDR" name="test.ExtentReportwithTestNG" tests="2" failures="0" timestamp="2020-04-13T08:43:17 CEST" time="0.977" errors="0">
  <testcase name="Test1" time="0.976" classname="test.ExtentReportwithTestNG"/>
  <system-out/>
  <testcase name="Test2" time="0.001" classname="test.ExtentReportwithTestNG"/>
  <system-out/>
</testsuite> <!-- test.ExtentReportwithTestNG -->
